<?xml version="1.0" encoding="UTF-8"?>
<!-- Generated by org.testng.reporters.JUnitReportReporter -->
<testsuite hostname="DESKTOP-58EEA0E" failures="0" tests="1" name="testCases.TC_LoginTest_001" time="0.519" errors="0" timestamp="2021-03-24T10:09:38 EDT" skipped="0">
  <testcase classname="testCases.TC_LoginTest_001" name="loginTest" time="0.519"/>
  <system-out/>
</testsuite> <!-- testCases.TC_LoginTest_001 -->
