<?xml version="1.0" encoding="UTF-8"?>
<!-- Generated by org.testng.reporters.JUnitReportReporter -->
<testsuite hostname="DESKTOP-58EEA0E" failures="0" tests="1" name="testCases.TC_AddCustomerTest_003" time="12.495" errors="0" timestamp="2021-03-24T10:09:38 EDT" skipped="0">
  <testcase classname="testCases.TC_AddCustomerTest_003" name="addNewCustomer" time="12.495"/>
  <system-out/>
</testsuite> <!-- testCases.TC_AddCustomerTest_003 -->
